2023.10.17 09:45:49 INFO  Started: Metals version 1.0.1 in folders '/Users/yishang/Desktop/godot-rpgbuilder' for client Visual Studio Code 1.83.1.
10月 17, 2023 9:45:50 上午 org.flywaydb.core.internal.license.VersionPrinter printVersionOnly
信息: Flyway Community Edition 9.21.2 by Redgate
10月 17, 2023 9:45:50 上午 org.flywaydb.core.internal.license.VersionPrinter printVersion
信息: See release notes here: https://rd.gt/416ObMi
10月 17, 2023 9:45:50 上午 org.flywaydb.core.internal.license.VersionPrinter printVersion
信息: 
10月 17, 2023 9:45:50 上午 org.flywaydb.core.FlywayExecutor execute
信息: Database: jdbc:h2:file:/Users/yishang/Desktop/godot-rpgbuilder/.metals/metals (H2 2.1)
10月 17, 2023 9:45:50 上午 org.flywaydb.core.internal.schemahistory.JdbcTableSchemaHistory allAppliedMigrations
信息: Schema history table "PUBLIC"."flyway_schema_history" does not exist yet
10月 17, 2023 9:45:50 上午 org.flywaydb.core.internal.command.DbValidate validate
信息: Successfully validated 4 migrations (execution time 00:00.017s)
10月 17, 2023 9:45:50 上午 org.flywaydb.core.internal.schemahistory.JdbcTableSchemaHistory create
信息: Creating Schema History table "PUBLIC"."flyway_schema_history" ...
10月 17, 2023 9:45:50 上午 org.flywaydb.core.internal.command.DbMigrate migrateGroup
信息: Current version of schema "PUBLIC": << Empty Schema >>
10月 17, 2023 9:45:50 上午 org.flywaydb.core.internal.command.DbMigrate doMigrateGroup
信息: Migrating schema "PUBLIC" to version "1 - Create tables"
10月 17, 2023 9:45:50 上午 org.flywaydb.core.internal.command.DbMigrate doMigrateGroup
信息: Migrating schema "PUBLIC" to version "2 - Server discovery"
10月 17, 2023 9:45:50 上午 org.flywaydb.core.internal.command.DbMigrate doMigrateGroup
信息: Migrating schema "PUBLIC" to version "3 - Jar symbols"
10月 17, 2023 9:45:50 上午 org.flywaydb.core.internal.command.DbMigrate doMigrateGroup
信息: Migrating schema "PUBLIC" to version "4 - Fingerprints"
10月 17, 2023 9:45:50 上午 org.flywaydb.core.internal.command.DbMigrate logSummary
信息: Successfully applied 4 migrations to schema "PUBLIC", now at version v4 (execution time 00:00.019s)
2023.10.17 09:45:50 INFO  time: initialize in 0.65s
2023.10.17 09:45:52 WARN  Build server is not auto-connectable.
2023.10.17 09:45:52 WARN  no build tool detected in workspace '/Users/yishang/Desktop/godot-rpgbuilder'. The most common cause for this problem is that the editor was opened in the wrong working directory, for example if you use sbt then the workspace directory should contain build.sbt. 
2023.10.17 17:17:30 INFO  Shutting down server
2023.10.17 17:17:30 INFO  shutting down Metals
2023.10.17 17:17:30 INFO  Exiting server
